1636510215365	geckodriver	INFO	Listening on 127.0.0.1:47871
1636510215651	mozrunner::runner	INFO	Running command: "/usr/bin/firefox" "--marionette" "--remote-debugging-port" "51647" "-no-remote" "-profile" "/tmp/rust_mozprofile9fv9bX"
ATTENTION: default value of option mesa_glthread overridden by environment.
ATTENTION: default value of option mesa_glthread overridden by environment.
ATTENTION: default value of option mesa_glthread overridden by environment.
ATTENTION: default value of option mesa_glthread overridden by environment.
1636510236399	Marionette	INFO	Marionette enabled
console.warn: SearchSettings: "get: No settings file exists, new profile?" (new NotFoundError("Could not open the file at /tmp/rust_mozprofile9fv9bX/search.json.mozlz4", (void 0)))
DevTools listening on ws://localhost:51647/devtools/browser/2ddebccf-f66c-4cc5-8d8b-3f9a7445e8cc
1636510251075	Marionette	INFO	Listening on port 38961
1636510251412	RemoteAgent	WARN	TLS certificate errors will be ignored for this session
1636510289612	Marionette	INFO	Stopped listening on port 38961
console.warn: TopSitesFeed: Failed to fetch data from Contile server: NetworkError when attempting to fetch resource.
1636510309185	geckodriver	INFO	Listening on 127.0.0.1:44147
1636510309195	mozrunner::runner	INFO	Running command: "/usr/bin/firefox" "--marionette" "--remote-debugging-port" "40827" "-no-remote" "-profile" "/tmp/rust_mozprofilefonwGd"
ATTENTION: default value of option mesa_glthread overridden by environment.
ATTENTION: default value of option mesa_glthread overridden by environment.
ATTENTION: default value of option mesa_glthread overridden by environment.
ATTENTION: default value of option mesa_glthread overridden by environment.
1636510317787	Marionette	INFO	Marionette enabled
console.warn: SearchSettings: "get: No settings file exists, new profile?" (new NotFoundError("Could not open the file at /tmp/rust_mozprofilefonwGd/search.json.mozlz4", (void 0)))
DevTools listening on ws://localhost:40827/devtools/browser/ade91567-c05d-477f-8903-3791b27a48df
1636510323359	Marionette	INFO	Listening on port 41875
1636510323659	RemoteAgent	WARN	TLS certificate errors will be ignored for this session
1636510347549	Marionette	INFO	Stopped listening on port 41875
console.warn: TopSitesFeed: Failed to fetch data from Contile server: NetworkError when attempting to fetch resource.
JavaScript error: resource://gre/modules/PromiseWorker.jsm, line 106: Error: IOUtils: Shutting down and refusing additional I/O tasks
1636514384004	geckodriver	INFO	Listening on 127.0.0.1:50877
1636514384466	mozrunner::runner	INFO	Running command: "/usr/bin/firefox" "--marionette" "--remote-debugging-port" "48597" "-no-remote" "-profile" "/tmp/rust_mozprofilehiZE7w"
ATTENTION: default value of option mesa_glthread overridden by environment.
ATTENTION: default value of option mesa_glthread overridden by environment.
ATTENTION: default value of option mesa_glthread overridden by environment.
ATTENTION: default value of option mesa_glthread overridden by environment.
1636514396449	Marionette	INFO	Marionette enabled
console.warn: SearchSettings: "get: No settings file exists, new profile?" (new NotFoundError("Could not open the file at /tmp/rust_mozprofilehiZE7w/search.json.mozlz4", (void 0)))
DevTools listening on ws://localhost:48597/devtools/browser/56a9ab54-2f5d-464d-9266-03e2151d213f
1636514407268	Marionette	INFO	Listening on port 38683
1636514407523	RemoteAgent	WARN	TLS certificate errors will be ignored for this session
1636514422958	Marionette	INFO	Stopped listening on port 38683
console.warn: TopSitesFeed: Failed to fetch data from Contile server: NetworkError when attempting to fetch resource.
geckodriver: error: Found argument '--websocket-port' which wasn't expected, or isn't valid in this context

USAGE:
    geckodriver [FLAGS] [OPTIONS]

For more information try --help

geckodriver: error: Found argument '--websocket-port' which wasn't expected, or isn't valid in this context

USAGE:
    geckodriver [FLAGS] [OPTIONS]

For more information try --help

